{
  "RSpec": {
    "coverage": {
      "/home/kwuteg/Odin/Hyrule/spec/controllers/blanck_controller_spec.rb": [
        1,
        null,
        1,
        1,
        0,
        null,
        null,
        null,
        null,
        1,
        1,
        null,
        1,
        null,
        1,
        null,
        null,
        null,
        null,
        null,
        1,
        null,
        null,
        null,
        null,
        1,
        null,
        null,
        null,
        null,
        1,
        null,
        null,
        null,
        null,
        1,
        null,
        null,
        null,
        null,
        1,
        null,
        null,
        null,
        null,
        1,
        null,
        null
      ],
      "/home/kwuteg/Odin/Hyrule/spec/rails_helper.rb": [
        null,
        1,
        1,
        1,
        null,
        1,
        1,
        null,
        1,
        1,
        1,
        null,
        null,
        null,
        null,
        null,
        null,
        null,
        null,
        null,
        null,
        null,
        null,
        null,
        null,
        null,
        null,
        null,
        1,
        null,
        1,
        null,
        1,
        null,
        null,
        null,
        null,
        1,
        null,
        null,
        null,
        null,
        null,
        null,
        null,
        null,
        null,
        null,
        null,
        null,
        null,
        null,
        1,
        null,
        null,
        1,
        null,
        null,
        null,
        1,
        null,
        null,
        1,
        1,
        null
      ],
      "/home/kwuteg/Odin/Hyrule/config/environment.rb": [
        null,
        1,
        null,
        null,
        1
      ],
      "/home/kwuteg/Odin/Hyrule/config/application.rb": [
        1,
        1,
        null,
        null,
        1,
        null,
        1,
        1,
        null,
        1,
        null,
        null,
        null,
        1,
        null,
        null,
        1,
        1,
        null,
        null,
        null,
        null,
        null,
        null,
        1,
        null,
        null,
        null,
        null
      ],
      "/home/kwuteg/Odin/Hyrule/config/boot.rb": [
        1,
        null,
        1
      ],
      "/home/kwuteg/Odin/Hyrule/config/environments/test.rb": [
        1,
        null,
        null,
        null,
        null,
        null,
        null,
        1,
        null,
        null,
        null,
        null,
        1,
        null,
        null,
        1,
        1,
        null,
        null,
        null,
        null,
        1,
        1,
        null,
        null,
        1,
        null,
        null,
        1,
        1,
        null,
        null,
        null,
        null,
        1,
        null,
        null,
        1,
        null,
        1,
        null,
        null,
        null,
        null,
        null,
        1,
        null,
        1,
        null,
        null
      ],
      "/home/kwuteg/Odin/Hyrule/config/initializers/application_controller_renderer.rb": [
        null,
        null,
        null,
        null,
        null,
        null
      ],
      "/home/kwuteg/Odin/Hyrule/config/initializers/assets.rb": [
        null,
        null,
        null,
        1,
        null,
        null,
        null,
        null,
        null,
        null,
        null
      ],
      "/home/kwuteg/Odin/Hyrule/config/initializers/backtrace_silencers.rb": [
        null,
        null,
        null,
        null,
        null,
        null,
        null
      ],
      "/home/kwuteg/Odin/Hyrule/config/initializers/cookies_serializer.rb": [
        null,
        null,
        null,
        null,
        1
      ],
      "/home/kwuteg/Odin/Hyrule/config/initializers/devise.rb": [
        null,
        null,
        1,
        null,
        null,
        null,
        null,
        null,
        null,
        null,
        null,
        null,
        null,
        null,
        1,
        null,
        null,
        null,
        null,
        null,
        null,
        null,
        null,
        null,
        null,
        null,
        1,
        null,
        null,
        null,
        null,
        null,
        null,
        null,
        null,
        null,
        null,
        null,
        null,
        null,
        null,
        null,
        null,
        null,
        null,
        null,
        null,
        null,
        1,
        null,
        null,
        null,
        null,
        1,
        null,
        null,
        null,
        null,
        null,
        null,
        null,
        null,
        null,
        null,
        null,
        null,
        null,
        null,
        null,
        null,
        null,
        null,
        null,
        null,
        null,
        null,
        null,
        null,
        null,
        null,
        null,
        null,
        null,
        null,
        1,
        null,
        null,
        null,
        null,
        null,
        null,
        null,
        null,
        null,
        null,
        null,
        null,
        null,
        null,
        null,
        null,
        null,
        null,
        null,
        null,
        null,
        null,
        1,
        null,
        null,
        null,
        null,
        null,
        null,
        null,
        null,
        null,
        null,
        null,
        null,
        null,
        null,
        null,
        null,
        null,
        null,
        null,
        null,
        null,
        null,
        null,
        null,
        null,
        null,
        null,
        null,
        null,
        null,
        1,
        null,
        null,
        null,
        null,
        null,
        null,
        null,
        null,
        null,
        1,
        null,
        null,
        null,
        null,
        null,
        null,
        null,
        null,
        null,
        null,
        1,
        null,
        null,
        null,
        null,
        1,
        null,
        null,
        null,
        null,
        null,
        null,
        null,
        null,
        null,
        null,
        null,
        null,
        null,
        null,
        null,
        null,
        null,
        null,
        null,
        null,
        null,
        null,
        null,
        null,
        null,
        null,
        null,
        null,
        null,
        null,
        null,
        null,
        null,
        null,
        null,
        null,
        null,
        null,
        null,
        null,
        1,
        null,
        null,
        null,
        null,
        null,
        null,
        null,
        null,
        null,
        null,
        null,
        null,
        null,
        null,
        null,
        null,
        null,
        null,
        null,
        null,
        null,
        null,
        null,
        null,
        null,
        null,
        null,
        null,
        null,
        null,
        null,
        null,
        null,
        null,
        null,
        null,
        null,
        null,
        null,
        null,
        null,
        1,
        null,
        null,
        null,
        null,
        null,
        1,
        1,
        null,
        null,
        null,
        null,
        null,
        null,
        null,
        null,
        null,
        null,
        null,
        null,
        null,
        null,
        null,
        null,
        null,
        null,
        null,
        null,
        null,
        null,
        null,
        null
      ],
      "/home/kwuteg/Odin/Hyrule/config/initializers/filter_parameter_logging.rb": [
        null,
        null,
        null,
        1
      ],
      "/home/kwuteg/Odin/Hyrule/config/initializers/inflections.rb": [
        null,
        null,
        null,
        null,
        null,
        null,
        null,
        null,
        null,
        null,
        null,
        null,
        null,
        null,
        null,
        null
      ],
      "/home/kwuteg/Odin/Hyrule/config/initializers/mime_types.rb": [
        null,
        null,
        null,
        null
      ],
      "/home/kwuteg/Odin/Hyrule/config/initializers/new_framework_defaults.rb": [
        null,
        null,
        null,
        null,
        null,
        null,
        null,
        1,
        null,
        null,
        1,
        null,
        null,
        null,
        1,
        null,
        null,
        1,
        null,
        null,
        1,
        null,
        null,
        1
      ],
      "/home/kwuteg/Odin/Hyrule/config/initializers/paperclip_media_type_spoof_detector_override.rb": [
        1,
        1,
        1,
        1,
        268,
        null,
        null,
        null
      ],
      "/home/kwuteg/Odin/Hyrule/config/initializers/session_store.rb": [
        null,
        null,
        1
      ],
      "/home/kwuteg/Odin/Hyrule/config/initializers/stripe.rb": [
        1,
        null,
        null,
        null,
        null,
        1
      ],
      "/home/kwuteg/Odin/Hyrule/config/initializers/wrap_parameters.rb": [
        null,
        null,
        null,
        null,
        null,
        null,
        1,
        2,
        null,
        null,
        null,
        null,
        null,
        null
      ],
      "/home/kwuteg/Odin/Hyrule/spec/factories/account.rb": [
        1,
        null,
        1,
        1,
        1,
        1,
        1,
        1,
        1,
        1,
        null,
        null
      ],
      "/home/kwuteg/Odin/Hyrule/spec/factories/asset.rb": [
        1,
        null,
        1,
        1,
        1,
        27,
        null,
        null
      ],
      "/home/kwuteg/Odin/Hyrule/spec/factories/budget.rb": [
        1,
        null,
        1,
        1,
        1,
        1,
        null,
        null
      ],
      "/home/kwuteg/Odin/Hyrule/spec/factories/day.rb": [
        1,
        null,
        1,
        1,
        1,
        38,
        1,
        null,
        null
      ],
      "/home/kwuteg/Odin/Hyrule/spec/factories/dinner.rb": [
        1,
        null,
        1,
        1,
        null,
        null
      ],
      "/home/kwuteg/Odin/Hyrule/spec/factories/gestion.rb": [
        1,
        null,
        1,
        1,
        1,
        null,
        null
      ],
      "/home/kwuteg/Odin/Hyrule/spec/factories/livret.rb": [
        1,
        1,
        1,
        112,
        null,
        1,
        1,
        11,
        11,
        null,
        null,
        null,
        null
      ],
      "/home/kwuteg/Odin/Hyrule/spec/factories/lunch.rb": [
        1,
        null,
        1,
        1,
        null,
        null
      ],
      "/home/kwuteg/Odin/Hyrule/spec/factories/rythme.rb": [
        1,
        null,
        1,
        1,
        1,
        1,
        null,
        null
      ],
      "/home/kwuteg/Odin/Hyrule/spec/factories/style.rb": [
        1,
        null,
        1,
        1,
        1,
        null,
        null
      ],
      "/home/kwuteg/Odin/Hyrule/spec/factories/theme.rb": [
        1,
        null,
        1,
        1,
        152,
        1,
        1,
        1,
        1,
        null,
        null
      ],
      "/home/kwuteg/Odin/Hyrule/spec/factories/trip.rb": [
        1,
        null,
        1,
        1,
        1,
        1,
        1,
        1,
        null,
        1,
        40,
        null,
        null,
        null,
        null
      ],
      "/home/kwuteg/Odin/Hyrule/spec/factories/user.rb": [
        1,
        null,
        1,
        1,
        504,
        1,
        1,
        null,
        null
      ],
      "/home/kwuteg/Odin/Hyrule/config/routes.rb": [
        1,
        null,
        1,
        1,
        1,
        1,
        1,
        null,
        1,
        1,
        1,
        1,
        null,
        null,
        1,
        null,
        null,
        1,
        1,
        1,
        null,
        null
      ],
      "/home/kwuteg/Odin/Hyrule/app/models/user.rb": [
        1,
        1,
        null,
        1,
        1,
        null,
        1,
        null,
        1,
        1,
        null,
        null,
        null,
        1,
        null,
        null,
        null,
        1,
        0,
        0,
        0,
        null,
        null,
        null,
        1,
        null,
        null,
        null,
        1,
        null,
        500,
        null,
        null,
        null
      ],
      "/home/kwuteg/Odin/Hyrule/app/models/application_record.rb": [
        1,
        1,
        null
      ],
      "/home/kwuteg/Odin/Hyrule/app/helpers/accounts_helper.rb": [
        1,
        null
      ],
      "/home/kwuteg/Odin/Hyrule/app/helpers/activities_helper.rb": [
        1,
        null
      ],
      "/home/kwuteg/Odin/Hyrule/app/helpers/application_helper.rb": [
        1,
        null,
        1,
        null,
        2,
        4,
        null,
        null,
        null,
        null
      ],
      "/home/kwuteg/Odin/Hyrule/app/helpers/assets_helper.rb": [
        1,
        null
      ],
      "/home/kwuteg/Odin/Hyrule/app/helpers/charges_helper.rb": [
        1,
        null
      ],
      "/home/kwuteg/Odin/Hyrule/app/helpers/days_helper.rb": [
        1,
        null,
        null
      ],
      "/home/kwuteg/Odin/Hyrule/app/helpers/devise_helper.rb": [
        1,
        1,
        0,
        null,
        0,
        0,
        null,
        null,
        null,
        0,
        null,
        null,
        null,
        null,
        null,
        null,
        0,
        null,
        null,
        1,
        0,
        null,
        null,
        null
      ],
      "/home/kwuteg/Odin/Hyrule/app/helpers/gestions_helper.rb": [
        1,
        null
      ],
      "/home/kwuteg/Odin/Hyrule/app/helpers/livrets_helper.rb": [
        1,
        null
      ],
      "/home/kwuteg/Odin/Hyrule/app/helpers/setup_helper.rb": [
        1,
        null
      ],
      "/home/kwuteg/Odin/Hyrule/app/helpers/static_helper.rb": [
        1,
        null
      ],
      "/home/kwuteg/Odin/Hyrule/app/helpers/themes_helper.rb": [
        1,
        null
      ],
      "/home/kwuteg/Odin/Hyrule/app/helpers/trips_helper.rb": [
        1,
        null
      ],
      "/home/kwuteg/Odin/Hyrule/app/helpers/users_helper.rb": [
        1,
        null
      ],
      "/home/kwuteg/Odin/Hyrule/app/controllers/days_controller.rb": [
        1,
        1,
        1,
        1,
        1,
        1,
        null,
        null,
        null,
        1,
        8,
        8,
        16,
        null,
        8,
        null,
        null,
        null,
        1,
        9,
        9,
        9,
        null,
        null,
        null,
        1,
        null,
        null,
        null,
        null,
        1,
        8,
        8,
        8,
        14,
        7,
        null,
        1,
        1,
        1,
        null,
        1,
        null,
        null,
        null,
        null,
        null,
        null,
        1,
        8,
        8,
        7,
        14,
        7,
        null,
        1,
        1,
        1,
        null,
        1,
        null,
        null,
        null,
        null,
        null,
        null,
        1,
        10,
        10,
        20,
        10,
        null,
        null,
        null,
        1,
        null,
        1,
        41,
        null,
        null,
        1,
        67,
        11,
        null,
        56,
        null,
        null,
        null,
        1,
        49,
        17,
        13,
        13,
        null,
        null,
        null,
        null,
        1,
        32,
        null,
        null,
        null,
        1,
        16,
        null,
        null,
        null,
        null,
        null
      ],
      "/home/kwuteg/Odin/Hyrule/app/controllers/application_controller.rb": [
        1,
        1,
        null,
        null,
        1,
        null,
        1,
        38,
        14,
        14,
        null,
        null,
        null,
        1,
        null,
        1,
        0,
        null,
        null,
        null
      ],
      "/home/kwuteg/Odin/Hyrule/spec/controllers/days_spec.rb": [
        1,
        null,
        1,
        1,
        71,
        71,
        71,
        71,
        71,
        71,
        71,
        71,
        71,
        71,
        null,
        null,
        null,
        null,
        1,
        1,
        1,
        7,
        7,
        null,
        1,
        1,
        null,
        1,
        1,
        null,
        1,
        1,
        null,
        1,
        1,
        null,
        1,
        1,
        null,
        1,
        1,
        1,
        2,
        null,
        1,
        null,
        1,
        1,
        1,
        1,
        1,
        1,
        1,
        2,
        null,
        null,
        1,
        1,
        1,
        1,
        1,
        1,
        1,
        1,
        null,
        null,
        1,
        1,
        1,
        1,
        null,
        null,
        null,
        null,
        null,
        null,
        1,
        1,
        1,
        6,
        6,
        null,
        1,
        1,
        null,
        1,
        1,
        null,
        1,
        1,
        null,
        1,
        1,
        null,
        1,
        1,
        null,
        1,
        1,
        1,
        null,
        null,
        1,
        1,
        1,
        1,
        null,
        null,
        1,
        1,
        1,
        1,
        1,
        1,
        1,
        1,
        null,
        null,
        null,
        null,
        null,
        null,
        1,
        1,
        1,
        6,
        6,
        null,
        1,
        1,
        null,
        1,
        1,
        null,
        1,
        1,
        null,
        1,
        1,
        null,
        1,
        1,
        null,
        1,
        1,
        1,
        null,
        null,
        1,
        1,
        1,
        1,
        null,
        null,
        1,
        1,
        1,
        1,
        1,
        1,
        1,
        1,
        null,
        null,
        null,
        null,
        null,
        null,
        1,
        1,
        1,
        13,
        null,
        1,
        1,
        1,
        1,
        null,
        1,
        1,
        1,
        1,
        null,
        1,
        1,
        2,
        null,
        1,
        1,
        1,
        null,
        1,
        1,
        1,
        1,
        null,
        1,
        1,
        2,
        null,
        1,
        1,
        1,
        1,
        2,
        1,
        1,
        null,
        1,
        1,
        1,
        1,
        2,
        1,
        1,
        null,
        1,
        1,
        1,
        1,
        2,
        1,
        1,
        null,
        1,
        1,
        1,
        1,
        2,
        1,
        1,
        null,
        1,
        1,
        1,
        1,
        2,
        1,
        1,
        null,
        1,
        1,
        2,
        1,
        1,
        null,
        1,
        1,
        1,
        1,
        2,
        null,
        null,
        1,
        1,
        1,
        1,
        null,
        null,
        1,
        1,
        1,
        1,
        1,
        2,
        null,
        null,
        null,
        null,
        null,
        null,
        1,
        1,
        1,
        12,
        12,
        null,
        1,
        1,
        1,
        1,
        null,
        1,
        1,
        1,
        1,
        null,
        1,
        1,
        1,
        1,
        null,
        1,
        1,
        1,
        1,
        null,
        1,
        1,
        1,
        1,
        1,
        null,
        1,
        1,
        1,
        1,
        1,
        null,
        1,
        1,
        1,
        1,
        1,
        1,
        1,
        1,
        1,
        null,
        1,
        1,
        1,
        1,
        1,
        1,
        1,
        1,
        1,
        null,
        1,
        1,
        1,
        1,
        1,
        1,
        1,
        1,
        1,
        null,
        1,
        1,
        1,
        1,
        1,
        1,
        1,
        1,
        1,
        null,
        1,
        1,
        1,
        1,
        2,
        null,
        1,
        1,
        1,
        1,
        1,
        1,
        1,
        null,
        null,
        1,
        1,
        1,
        1,
        null,
        null,
        1,
        1,
        1,
        1,
        1,
        1,
        1,
        1,
        1,
        null,
        null,
        null,
        null,
        null,
        null,
        1,
        1,
        1,
        9,
        null,
        1,
        1,
        1,
        null,
        1,
        1,
        1,
        null,
        1,
        1,
        1,
        null,
        1,
        1,
        1,
        1,
        4,
        1,
        1,
        null,
        1,
        1,
        1,
        1,
        4,
        1,
        1,
        null,
        1,
        1,
        1,
        1,
        4,
        1,
        1,
        null,
        1,
        1,
        1,
        1,
        4,
        1,
        1,
        null,
        1,
        1,
        1,
        1,
        4,
        1,
        1,
        null,
        1,
        1,
        1,
        2,
        null,
        null,
        1,
        1,
        1,
        1,
        null,
        1,
        1,
        2,
        null,
        null,
        1,
        1,
        6,
        6,
        null,
        1,
        1,
        1,
        null,
        1,
        1,
        1,
        1,
        4,
        1,
        1,
        null,
        1,
        1,
        1,
        1,
        4,
        1,
        1,
        null,
        1,
        1,
        1,
        1,
        4,
        1,
        1,
        null,
        1,
        1,
        1,
        1,
        4,
        1,
        1,
        null,
        1,
        1,
        1,
        1,
        4,
        1,
        1,
        null,
        null,
        null,
        null
      ],
      "/home/kwuteg/Odin/Hyrule/spec/controllers/gestion_spec.rb": [
        1,
        null,
        1,
        1,
        17,
        17,
        17,
        17,
        null,
        null,
        null,
        null,
        1,
        5,
        6,
        6,
        1,
        1,
        1,
        4,
        4,
        null,
        1,
        1,
        1,
        null,
        1,
        1,
        1,
        null,
        1,
        1,
        1,
        null,
        1,
        1,
        null,
        null,
        null,
        1,
        1,
        1,
        null,
        null,
        null,
        null,
        null,
        null,
        1,
        1,
        1,
        1,
        null,
        null,
        1,
        1,
        5,
        5,
        null,
        1,
        1,
        1,
        null,
        1,
        1,
        1,
        null,
        1,
        1,
        1,
        null,
        1,
        1,
        1,
        1,
        1,
        null,
        1,
        1,
        1,
        null,
        null,
        1,
        1,
        1,
        1,
        1,
        null,
        1,
        2,
        null,
        null,
        1,
        1,
        5,
        5,
        5,
        null,
        1,
        1,
        1,
        5,
        5,
        null,
        null,
        1,
        1,
        1,
        null,
        1,
        1,
        1,
        1,
        1,
        null,
        1,
        1,
        1,
        1,
        1,
        null,
        1,
        1,
        1,
        null,
        null,
        null,
        null
      ],
      "/home/kwuteg/Odin/Hyrule/app/controllers/gestions_controller.rb": [
        1,
        1,
        1,
        null,
        1,
        4,
        4,
        4,
        null,
        0,
        null,
        0,
        null,
        null,
        null,
        4,
        null,
        4,
        null,
        null,
        1,
        null,
        14,
        9,
        9,
        9,
        9,
        9,
        9,
        null,
        0,
        null,
        null,
        5,
        5,
        5,
        5,
        5,
        null,
        0,
        null,
        null,
        null,
        0,
        null,
        14,
        null,
        null,
        1,
        null,
        0,
        null,
        0,
        null,
        null,
        0,
        null,
        null,
        null,
        null,
        0,
        null,
        null,
        null,
        null,
        null,
        null,
        0,
        0,
        0,
        null,
        0,
        null,
        null,
        0,
        null,
        null,
        null,
        null,
        null,
        0,
        null,
        0,
        0,
        null,
        null,
        1,
        0,
        null,
        null,
        null,
        0,
        0,
        0,
        0,
        0,
        0,
        null,
        0,
        null,
        null,
        0,
        null,
        null,
        0,
        null,
        null,
        null,
        0,
        0,
        0,
        0,
        null,
        0,
        null,
        0,
        null,
        null,
        0,
        null,
        null,
        null,
        null,
        null,
        0,
        0,
        0,
        0,
        0,
        null,
        0,
        null,
        null,
        0,
        null,
        null,
        null,
        null,
        null,
        0,
        null,
        0,
        null,
        null,
        1,
        1,
        19,
        9,
        null,
        10,
        null,
        18,
        null,
        null,
        null
      ],
      "/home/kwuteg/Odin/Hyrule/spec/controllers/livret_spec.rb": [
        1,
        null,
        1,
        1,
        54,
        null,
        null,
        null,
        null,
        1,
        1,
        1,
        1,
        1,
        1,
        null,
        null,
        1,
        1,
        2,
        2,
        null,
        1,
        1,
        null,
        1,
        1,
        1,
        null,
        null,
        1,
        1,
        1,
        null,
        null,
        null,
        null,
        null,
        null,
        1,
        1,
        1,
        5,
        5,
        5,
        5,
        5,
        null,
        1,
        1,
        null,
        1,
        1,
        1,
        null,
        1,
        1,
        1,
        null,
        1,
        1,
        1,
        null,
        1,
        1,
        null,
        null,
        1,
        1,
        6,
        6,
        6,
        null,
        1,
        1,
        5,
        null,
        1,
        1,
        null,
        1,
        1,
        1,
        null,
        1,
        1,
        1,
        null,
        1,
        1,
        1,
        null,
        1,
        1,
        null,
        null,
        1,
        1,
        1,
        1,
        null,
        null,
        null,
        1,
        1,
        1,
        null,
        null,
        null,
        null,
        null,
        null,
        1,
        1,
        1,
        4,
        4,
        4,
        4,
        4,
        null,
        1,
        1,
        null,
        1,
        1,
        null,
        1,
        1,
        1,
        null,
        1,
        1,
        1,
        null,
        null,
        1,
        1,
        1,
        1,
        1,
        1,
        1,
        null,
        null,
        1,
        1,
        1,
        1,
        1,
        1,
        null,
        null,
        null,
        null,
        null,
        null,
        1,
        1,
        1,
        4,
        4,
        4,
        4,
        4,
        4,
        null,
        1,
        1,
        null,
        1,
        1,
        null,
        1,
        1,
        1,
        null,
        1,
        1,
        1,
        null,
        null,
        1,
        1,
        1,
        1,
        1,
        1,
        1,
        null,
        null,
        1,
        1,
        1,
        1,
        1,
        1,
        null,
        null,
        null,
        null,
        null,
        null,
        1,
        1,
        1,
        2,
        2,
        2,
        2,
        null,
        1,
        1,
        1,
        1,
        1,
        null,
        null,
        1,
        1,
        1,
        null,
        null,
        null,
        null,
        null,
        1,
        1,
        1,
        1,
        1,
        1,
        null,
        null,
        1,
        1,
        1,
        1,
        null,
        null,
        null,
        null,
        null,
        null,
        1,
        1,
        1,
        2,
        2,
        2,
        2,
        2,
        null,
        1,
        1,
        1,
        1,
        1,
        1,
        null,
        1,
        1,
        1,
        1,
        null,
        null,
        null,
        1,
        1,
        1,
        1,
        1,
        1,
        1,
        1,
        null,
        null,
        1,
        1,
        1,
        1,
        1,
        1,
        null,
        null,
        null,
        null,
        null,
        null,
        1,
        1,
        1,
        2,
        2,
        2,
        2,
        null,
        1,
        1,
        2,
        null,
        1,
        1,
        null,
        null,
        null,
        1,
        1,
        1,
        1,
        1,
        1,
        1,
        null,
        1,
        1,
        1,
        1,
        2,
        null,
        null,
        1,
        1,
        1,
        1,
        1,
        1,
        1,
        null,
        1,
        1,
        1,
        1,
        2,
        null,
        null,
        null,
        null,
        1,
        1,
        1,
        1,
        3,
        3,
        3,
        3,
        null,
        1,
        1,
        null,
        1,
        1,
        null,
        1,
        1,
        1,
        1,
        null,
        null,
        1,
        1,
        3,
        3,
        3,
        3,
        null,
        1,
        1,
        null,
        1,
        1,
        null,
        1,
        1,
        1,
        null,
        null,
        1,
        1,
        3,
        3,
        3,
        3,
        null,
        1,
        1,
        null,
        1,
        1,
        null,
        1,
        1,
        1,
        null,
        null,
        null,
        1,
        1,
        1,
        1,
        1,
        null,
        null,
        null,
        null,
        1,
        1,
        1,
        null,
        1,
        1,
        null,
        null,
        null
      ],
      "/home/kwuteg/Odin/Hyrule/app/controllers/livrets_controller.rb": [
        1,
        1,
        1,
        null,
        1,
        2,
        null,
        null,
        1,
        11,
        11,
        6,
        null,
        11,
        11,
        null,
        null,
        1,
        4,
        4,
        44,
        null,
        null,
        1,
        4,
        4,
        44,
        null,
        null,
        1,
        2,
        2,
        2,
        2,
        4,
        2,
        null,
        0,
        0,
        0,
        null,
        0,
        null,
        null,
        null,
        null,
        1,
        2,
        2,
        2,
        2,
        4,
        2,
        null,
        0,
        0,
        0,
        null,
        0,
        null,
        null,
        null,
        null,
        1,
        2,
        2,
        2,
        4,
        2,
        null,
        null,
        null,
        1,
        null,
        null,
        9,
        9,
        6,
        6,
        null,
        3,
        null,
        3,
        null,
        9,
        18,
        null,
        null,
        null,
        1,
        null,
        null,
        1,
        null,
        null,
        1,
        4,
        null,
        null,
        null,
        1,
        29,
        8,
        8,
        null,
        null,
        null,
        null
      ],
      "/home/kwuteg/Odin/Hyrule/spec/controllers/setup_spec.rb": [
        1,
        null,
        1,
        null,
        null,
        null,
        1,
        1,
        1,
        1,
        1,
        1,
        null,
        null,
        1,
        1,
        9,
        9,
        null,
        1,
        1,
        1,
        null,
        1,
        1,
        1,
        1,
        null,
        1,
        1,
        1,
        1,
        1,
        null,
        1,
        11,
        1,
        1,
        null,
        1,
        11,
        1,
        1,
        null,
        1,
        11,
        1,
        1,
        null,
        1,
        4,
        1,
        1,
        1,
        null,
        1,
        4,
        1,
        1,
        1,
        null,
        1,
        4,
        1,
        1,
        1,
        null,
        null,
        1,
        1,
        1,
        null,
        null,
        null,
        null
      ],
      "/home/kwuteg/Odin/Hyrule/app/controllers/setup_controller.rb": [
        1,
        1,
        null,
        1,
        9,
        9,
        9,
        9,
        9,
        null,
        9,
        9,
        42,
        1,
        null,
        null,
        null,
        9,
        9,
        42,
        1,
        null,
        null,
        null,
        9,
        9,
        42,
        1,
        null,
        null,
        null,
        null,
        null,
        null
      ],
      "/home/kwuteg/Odin/Hyrule/spec/controllers/static_spec.rb": [
        1,
        null,
        1,
        null,
        null,
        null,
        1,
        1,
        1,
        null,
        null,
        null
      ],
      "/home/kwuteg/Odin/Hyrule/app/controllers/static_controller.rb": [
        1,
        null,
        1,
        null,
        null,
        null
      ],
      "/home/kwuteg/Odin/Hyrule/spec/controllers/themes_spec.rb": [
        1,
        null,
        1,
        1,
        31,
        null,
        null,
        null,
        null,
        1,
        1,
        1,
        1,
        null,
        1,
        1,
        1,
        null,
        null,
        null,
        null,
        null,
        1,
        1,
        1,
        1,
        null,
        1,
        1,
        1,
        null,
        null,
        null,
        null,
        null,
        1,
        1,
        1,
        1,
        1,
        1,
        1,
        null,
        null,
        1,
        1,
        1,
        1,
        null,
        null,
        1,
        1,
        2,
        2,
        null,
        1,
        1,
        1,
        null,
        1,
        1,
        1,
        null,
        null,
        null,
        null,
        null,
        null,
        1,
        1,
        1,
        1,
        1,
        1,
        1,
        null,
        null,
        1,
        1,
        1,
        1,
        null,
        null,
        1,
        1,
        2,
        2,
        null,
        1,
        1,
        1,
        null,
        1,
        1,
        1,
        null,
        null,
        null,
        null,
        null,
        null,
        1,
        1,
        1,
        1,
        1,
        1,
        1,
        1,
        null,
        null,
        1,
        1,
        1,
        1,
        1,
        null,
        null,
        1,
        1,
        4,
        4,
        4,
        null,
        1,
        1,
        2,
        null,
        1,
        1,
        null,
        null,
        1,
        1,
        1,
        2,
        null,
        1,
        1,
        1,
        null,
        null,
        null,
        null,
        null,
        null,
        null,
        1,
        1,
        1,
        1,
        1,
        1,
        1,
        null,
        null,
        1,
        1,
        1,
        1,
        null,
        null,
        1,
        1,
        4,
        4,
        null,
        1,
        1,
        1,
        1,
        null,
        1,
        1,
        null,
        null,
        null,
        null,
        1,
        1,
        1,
        1,
        null,
        null,
        1,
        1,
        null,
        null,
        null,
        null,
        null,
        null,
        null,
        null,
        null,
        1,
        1,
        1,
        1,
        1,
        1,
        1,
        null,
        1,
        1,
        1,
        2,
        null,
        null,
        1,
        1,
        1,
        1,
        1,
        1,
        null,
        1,
        1,
        1,
        2,
        null,
        null,
        1,
        1,
        3,
        3,
        null,
        1,
        1,
        1,
        1,
        null,
        1,
        2,
        null,
        1,
        1,
        null,
        null,
        null,
        null,
        null
      ],
      "/home/kwuteg/Odin/Hyrule/app/controllers/themes_controller.rb": [
        1,
        1,
        1,
        null,
        null,
        null,
        1,
        2,
        null,
        null,
        null,
        null,
        1,
        null,
        null,
        null,
        1,
        2,
        null,
        null,
        null,
        1,
        null,
        null,
        null,
        null,
        1,
        4,
        null,
        4,
        4,
        4,
        2,
        null,
        4,
        2,
        null,
        null,
        null,
        null,
        null,
        null,
        1,
        4,
        4,
        4,
        2,
        null,
        4,
        2,
        null,
        null,
        null,
        null,
        null,
        null,
        1,
        3,
        3,
        6,
        3,
        null,
        null,
        null,
        1,
        null,
        1,
        11,
        null,
        null,
        null,
        1,
        8,
        null,
        null
      ],
      "/home/kwuteg/Odin/Hyrule/spec/controllers/trips_spec.rb": [
        1,
        null,
        1,
        1,
        66,
        66,
        66,
        66,
        66,
        66,
        66,
        null,
        null,
        null,
        null,
        1,
        1,
        1,
        3,
        3,
        null,
        1,
        1,
        null,
        1,
        1,
        null,
        1,
        1,
        null,
        null,
        1,
        1,
        1,
        1,
        null,
        null,
        null,
        null,
        null,
        null,
        1,
        1,
        1,
        4,
        4,
        null,
        1,
        1,
        null,
        1,
        1,
        null,
        1,
        1,
        null,
        1,
        1,
        1,
        null,
        null,
        1,
        1,
        1,
        1,
        null,
        null,
        null,
        null,
        null,
        null,
        1,
        1,
        1,
        3,
        3,
        null,
        1,
        1,
        null,
        1,
        1,
        null,
        1,
        1,
        1,
        1,
        1,
        1,
        null,
        null,
        1,
        1,
        1,
        1,
        null,
        null,
        null,
        null,
        null,
        null,
        1,
        1,
        1,
        4,
        4,
        null,
        1,
        1,
        null,
        1,
        1,
        null,
        1,
        1,
        null,
        1,
        1,
        1,
        null,
        null,
        1,
        1,
        1,
        1,
        null,
        null,
        null,
        null,
        null,
        null,
        1,
        1,
        1,
        3,
        3,
        null,
        1,
        2,
        null,
        null,
        1,
        1,
        null,
        1,
        1,
        1,
        null,
        null,
        1,
        1,
        3,
        3,
        null,
        1,
        4,
        null,
        1,
        1,
        null,
        1,
        1,
        1,
        null,
        null,
        1,
        1,
        1,
        1,
        null,
        1,
        4,
        null,
        null,
        null,
        null,
        null,
        null,
        1,
        1,
        1,
        7,
        null,
        1,
        1,
        1,
        1,
        null,
        1,
        1,
        1,
        1,
        1,
        1,
        1,
        1,
        null,
        1,
        1,
        1,
        1,
        1,
        1,
        1,
        1,
        null,
        1,
        1,
        1,
        1,
        1,
        1,
        1,
        1,
        null,
        1,
        1,
        1,
        1,
        1,
        1,
        1,
        1,
        null,
        1,
        1,
        1,
        1,
        1,
        1,
        1,
        1,
        null,
        1,
        1,
        1,
        1,
        2,
        null,
        null,
        1,
        1,
        6,
        6,
        null,
        1,
        1,
        1,
        null,
        1,
        1,
        1,
        1,
        1,
        1,
        1,
        1,
        null,
        1,
        1,
        1,
        1,
        1,
        1,
        1,
        1,
        null,
        1,
        1,
        1,
        1,
        1,
        1,
        1,
        1,
        null,
        1,
        1,
        1,
        1,
        1,
        1,
        1,
        1,
        null,
        1,
        1,
        1,
        1,
        1,
        1,
        1,
        1,
        null,
        null,
        1,
        1,
        5,
        5,
        5,
        null,
        1,
        1,
        null,
        1,
        1,
        1,
        null,
        1,
        1,
        1,
        1,
        null,
        1,
        1,
        null,
        1,
        1,
        null,
        null,
        1,
        1,
        4,
        4,
        4,
        null,
        1,
        1,
        null,
        1,
        1,
        null,
        1,
        1,
        null,
        1,
        1,
        null,
        null,
        1,
        1,
        1,
        1,
        null,
        1,
        1,
        1,
        null,
        null,
        null,
        null,
        null,
        null,
        1,
        1,
        1,
        7,
        null,
        1,
        1,
        1,
        null,
        1,
        1,
        1,
        4,
        1,
        1,
        null,
        1,
        1,
        1,
        4,
        1,
        1,
        null,
        1,
        1,
        1,
        4,
        1,
        1,
        null,
        1,
        1,
        1,
        4,
        1,
        1,
        null,
        1,
        1,
        1,
        4,
        1,
        1,
        null,
        1,
        1,
        1,
        1,
        1,
        1,
        1,
        1,
        1,
        2,
        null,
        null,
        1,
        1,
        7,
        7,
        null,
        1,
        1,
        1,
        null,
        1,
        1,
        1,
        4,
        1,
        1,
        null,
        1,
        1,
        1,
        4,
        1,
        1,
        null,
        1,
        1,
        1,
        4,
        1,
        1,
        null,
        1,
        1,
        1,
        4,
        1,
        1,
        null,
        1,
        1,
        1,
        4,
        1,
        1,
        null,
        1,
        1,
        1,
        1,
        4,
        1,
        1,
        null,
        null,
        1,
        1,
        1,
        1,
        null,
        1,
        4,
        null,
        null,
        null,
        null
      ],
      "/home/kwuteg/Odin/Hyrule/app/controllers/trips_controller.rb": [
        1,
        1,
        1,
        1,
        1,
        null,
        null,
        1,
        3,
        null,
        null,
        null,
        null,
        1,
        4,
        null,
        null,
        null,
        1,
        3,
        3,
        3,
        3,
        3,
        null,
        null,
        null,
        1,
        null,
        null,
        null,
        null,
        1,
        6,
        6,
        6,
        6,
        6,
        3,
        null,
        3,
        3,
        3,
        null,
        3,
        null,
        null,
        null,
        null,
        null,
        null,
        1,
        18,
        18,
        28,
        14,
        null,
        4,
        4,
        4,
        null,
        4,
        null,
        null,
        null,
        null,
        null,
        null,
        1,
        11,
        11,
        11,
        22,
        11,
        null,
        null,
        0,
        0,
        0,
        null,
        null,
        null,
        null,
        1,
        null,
        1,
        23,
        8,
        4,
        4,
        null,
        null,
        null,
        null,
        1,
        11,
        4,
        2,
        2,
        null,
        null,
        null,
        null,
        1,
        46,
        13,
        null,
        33,
        null,
        null,
        null,
        null,
        1,
        24,
        null,
        null,
        null,
        null,
        null,
        null
      ],
      "/home/kwuteg/Odin/Hyrule/spec/controllers/user_spec.rb": [
        1,
        null,
        1,
        1,
        16,
        null,
        null,
        null,
        null,
        1,
        1,
        1,
        4,
        null,
        1,
        1,
        null,
        1,
        1,
        1,
        null,
        1,
        1,
        1,
        1,
        null,
        1,
        1,
        1,
        null,
        null,
        1,
        1,
        1,
        null,
        null,
        null,
        null,
        null,
        null,
        1,
        1,
        1,
        4,
        null,
        1,
        1,
        null,
        1,
        1,
        1,
        null,
        1,
        1,
        1,
        1,
        null,
        1,
        1,
        1,
        null,
        null,
        1,
        1,
        1,
        null,
        null,
        null,
        null,
        null,
        null,
        1,
        1,
        1,
        5,
        null,
        1,
        1,
        1,
        null,
        1,
        1,
        1,
        1,
        null,
        1,
        1,
        1,
        null,
        null,
        1,
        1,
        1,
        1,
        1,
        1,
        null,
        1,
        1,
        1,
        null,
        null,
        null,
        null,
        null,
        1,
        1,
        1,
        1,
        null,
        null,
        null,
        null
      ],
      "/home/kwuteg/Odin/Hyrule/app/controllers/users_controller.rb": [
        1,
        1,
        1,
        1,
        null,
        1,
        null,
        null,
        1,
        null,
        null,
        1,
        5,
        5,
        6,
        3,
        null,
        2,
        2,
        2,
        null,
        2,
        null,
        null,
        null,
        null,
        1,
        1,
        5,
        null,
        null,
        1,
        13,
        null,
        null,
        1,
        8,
        null,
        null,
        null
      ],
      "/home/kwuteg/Odin/Hyrule/spec/features/root_pages_spec.rb": [
        1,
        null,
        1,
        1,
        1,
        1,
        null,
        null
      ],
      "/home/kwuteg/Odin/Hyrule/spec/mailers/main_mailer_spec.rb": [
        1,
        null,
        1,
        null,
        null
      ],
      "/home/kwuteg/Odin/Hyrule/app/mailers/main_mailer.rb": [
        1,
        1,
        null,
        1,
        500,
        500,
        null,
        null,
        1,
        0,
        0,
        0,
        null,
        null,
        1,
        5,
        5,
        5,
        null,
        null,
        1,
        0,
        0,
        0,
        null,
        null,
        1,
        1,
        1,
        1,
        null,
        null,
        null
      ],
      "/home/kwuteg/Odin/Hyrule/app/mailers/application_mailer.rb": [
        1,
        1,
        1,
        null
      ],
      "/home/kwuteg/Odin/Hyrule/spec/models/account_spec.rb": [
        1,
        null,
        1,
        null,
        1,
        1,
        null,
        null,
        1,
        1,
        null,
        null,
        null
      ],
      "/home/kwuteg/Odin/Hyrule/app/models/account.rb": [
        1,
        1,
        null
      ],
      "/home/kwuteg/Odin/Hyrule/spec/models/asset_spec.rb": [
        1,
        null,
        1,
        null,
        1,
        4,
        null,
        null,
        1,
        1,
        null,
        null,
        1,
        1,
        1,
        null,
        null,
        1,
        1,
        null,
        null,
        1,
        1,
        null,
        null,
        null
      ],
      "/home/kwuteg/Odin/Hyrule/app/models/asset.rb": [
        1,
        1,
        null,
        1,
        null,
        null,
        1,
        null,
        null
      ],
      "/home/kwuteg/Odin/Hyrule/spec/models/budget_spec.rb": [
        1,
        null,
        1,
        null,
        1,
        2,
        null,
        null,
        1,
        1,
        null,
        null,
        1,
        1,
        1,
        null,
        null,
        null
      ],
      "/home/kwuteg/Odin/Hyrule/app/models/budget.rb": [
        1,
        1,
        1,
        null
      ],
      "/home/kwuteg/Odin/Hyrule/spec/models/day_spec.rb": [
        1,
        null,
        1,
        null,
        1,
        12,
        null,
        null,
        1,
        1,
        null,
        1,
        1,
        1,
        null,
        null,
        1,
        1,
        1,
        1,
        null,
        1,
        1,
        1,
        null,
        null,
        null,
        1,
        1,
        1,
        1,
        4,
        null,
        1,
        1,
        1,
        null,
        null,
        null,
        1,
        1,
        1,
        1,
        null,
        1,
        1,
        1,
        null,
        1,
        1,
        1,
        null,
        1,
        1,
        1,
        null,
        1,
        1,
        1,
        null,
        1,
        1,
        1,
        null,
        null,
        null,
        null
      ],
      "/home/kwuteg/Odin/Hyrule/app/models/day.rb": [
        1,
        1,
        1,
        1,
        null,
        1,
        1,
        1,
        1,
        null,
        1,
        1,
        null,
        1,
        null,
        1,
        null,
        134,
        134,
        134,
        null,
        null,
        1,
        144,
        143,
        3,
        3,
        null,
        null,
        141,
        null,
        null,
        null
      ],
      "/home/kwuteg/Odin/Hyrule/spec/models/dinner_spec.rb": [
        1,
        null,
        1,
        null,
        1,
        1,
        null,
        null,
        1,
        1,
        null,
        null
      ],
      "/home/kwuteg/Odin/Hyrule/app/models/dinner.rb": [
        1,
        1,
        null,
        null
      ],
      "/home/kwuteg/Odin/Hyrule/spec/models/gestion_spec.rb": [
        1,
        1,
        null,
        1,
        1,
        23,
        null,
        null,
        1,
        1,
        null,
        null,
        1,
        1,
        1,
        null,
        null,
        1,
        5,
        5,
        5,
        1,
        4,
        4,
        null,
        1,
        1,
        null,
        1,
        1,
        null,
        1,
        1,
        null,
        1,
        1,
        null,
        null,
        null,
        1,
        1,
        1,
        null,
        1,
        1,
        1,
        1,
        1,
        1,
        null,
        1,
        1,
        1,
        1,
        1,
        1,
        null,
        1,
        1,
        1,
        null,
        null,
        1,
        1,
        1,
        1,
        null,
        1,
        1,
        1,
        1,
        1,
        null,
        1,
        1,
        1,
        1,
        1,
        1,
        null,
        null,
        null,
        1,
        1,
        1,
        null,
        1,
        4,
        null,
        null,
        null,
        1,
        1,
        1,
        null,
        1,
        2,
        null,
        1,
        1,
        1,
        1,
        1,
        null,
        1,
        1,
        1,
        1,
        null,
        1,
        1,
        1,
        1,
        null,
        1,
        1,
        1,
        1,
        null,
        1,
        1,
        1,
        1,
        null,
        null,
        1,
        1,
        4,
        4,
        4,
        null,
        null,
        null,
        null,
        null
      ],
      "/home/kwuteg/Odin/Hyrule/app/models/gestion.rb": [
        1,
        1,
        1,
        null,
        null,
        1,
        7,
        null,
        null,
        null,
        7,
        null,
        null,
        null,
        null,
        null,
        7,
        null,
        null,
        null,
        null,
        null,
        null,
        1,
        11,
        7,
        null,
        4,
        null,
        null,
        null,
        1,
        6,
        null,
        null,
        null,
        1,
        17,
        12,
        null,
        5,
        null,
        null,
        null,
        null
      ],
      "/home/kwuteg/Odin/Hyrule/spec/models/livret_spec.rb": [
        1,
        null,
        1,
        null,
        1,
        4,
        null,
        null,
        1,
        1,
        null,
        null,
        1,
        1,
        1,
        null,
        null,
        1,
        1,
        null,
        null,
        1,
        1,
        1,
        1,
        null,
        null
      ],
      "/home/kwuteg/Odin/Hyrule/app/models/livret.rb": [
        1,
        1,
        null,
        1,
        1,
        null,
        null,
        null,
        1,
        1,
        null,
        null
      ],
      "/home/kwuteg/Odin/Hyrule/spec/models/lunch_spec.rb": [
        1,
        null,
        1,
        null,
        1,
        1,
        null,
        null,
        1,
        1,
        null,
        null
      ],
      "/home/kwuteg/Odin/Hyrule/app/models/lunch.rb": [
        1,
        1,
        null
      ],
      "/home/kwuteg/Odin/Hyrule/spec/models/rythme_spec.rb": [
        1,
        null,
        1,
        null,
        1,
        2,
        null,
        null,
        1,
        1,
        null,
        null,
        1,
        1,
        1,
        null,
        null
      ],
      "/home/kwuteg/Odin/Hyrule/app/models/rythme.rb": [
        1,
        1,
        null,
        1,
        null
      ],
      "/home/kwuteg/Odin/Hyrule/spec/models/theme_spec.rb": [
        1,
        null,
        1,
        null,
        1,
        7,
        null,
        null,
        1,
        1,
        null,
        null,
        1,
        1,
        1,
        null,
        1,
        1,
        1,
        1,
        1,
        1,
        1,
        null,
        1,
        1,
        1,
        null,
        1,
        1,
        1,
        null,
        1,
        1,
        1,
        null,
        1,
        1,
        1,
        null,
        null,
        null
      ],
      "/home/kwuteg/Odin/Hyrule/app/models/theme.rb": [
        1,
        null,
        1,
        1,
        1,
        1,
        1,
        null,
        1,
        null,
        null
      ],
      "/home/kwuteg/Odin/Hyrule/spec/models/trip_spec.rb": [
        1,
        null,
        1,
        null,
        1,
        24,
        null,
        null,
        1,
        1,
        null,
        null,
        1,
        1,
        1,
        1,
        null,
        1,
        1,
        1,
        null,
        1,
        1,
        1,
        null,
        1,
        1,
        1,
        null,
        null,
        null,
        1,
        1,
        1,
        1,
        null,
        1,
        1,
        1,
        null,
        1,
        1,
        1,
        null,
        1,
        1,
        1,
        null,
        null,
        null,
        1,
        1,
        1,
        null,
        null,
        1,
        1,
        1,
        1,
        null,
        1,
        1,
        1,
        4,
        null,
        null,
        null,
        1,
        1,
        6,
        null,
        1,
        1,
        1,
        null,
        1,
        1,
        1,
        null,
        1,
        1,
        1,
        null,
        1,
        1,
        1,
        null,
        1,
        1,
        1,
        null,
        1,
        1,
        1,
        null,
        null,
        null,
        1,
        1,
        6,
        null,
        1,
        1,
        1,
        null,
        1,
        1,
        1,
        null,
        1,
        1,
        1,
        null,
        1,
        1,
        1,
        null,
        1,
        1,
        1,
        null,
        1,
        1,
        1,
        null,
        null,
        null,
        null
      ],
      "/home/kwuteg/Odin/Hyrule/app/models/trip.rb": [
        1,
        null,
        1,
        null,
        1,
        1,
        1,
        null,
        1,
        null,
        1,
        1,
        null,
        1,
        1,
        null,
        1,
        1,
        null,
        1,
        1,
        null,
        1,
        1,
        null,
        1,
        null,
        562,
        562,
        562,
        562,
        28,
        null,
        562,
        null,
        null,
        1,
        17,
        10,
        null,
        7,
        null,
        null,
        null,
        1,
        29,
        16,
        null,
        13,
        null,
        null,
        null,
        null
      ],
      "/home/kwuteg/Odin/Hyrule/spec/models/user_spec.rb": [
        1,
        null,
        1,
        null,
        1,
        4,
        null,
        null,
        1,
        1,
        null,
        null,
        1,
        1,
        1,
        null,
        null,
        1,
        1,
        1,
        null,
        null,
        1,
        1,
        1,
        1,
        null,
        null,
        null
      ],
      "/home/kwuteg/Odin/Hyrule/app/models/planning.rb": [
        1,
        1,
        1,
        null
      ],
      "/home/kwuteg/Odin/Hyrule/app/models/style.rb": [
        1,
        1,
        null
      ]
    },
    "timestamp": 1512120166
  }
}
