{
  "RSpec": {
    "coverage": {
      "/home/kwuteg/Odin/Hyrule/spec/mailers/main_mailer_spec.rb": [
        1,
        null,
        1,
        null,
        null
      ],
      "/home/kwuteg/Odin/Hyrule/spec/rails_helper.rb": [
        null,
        1,
        1,
        1,
        null,
        1,
        1,
        null,
        1,
        null,
        null,
        null,
        null,
        null,
        null,
        null,
        null,
        null,
        null,
        null,
        null,
        null,
        null,
        null,
        null,
        null,
        1,
        null,
        1,
        null,
        1,
        null,
        null,
        null,
        null,
        1,
        null,
        null,
        null,
        null,
        null,
        null,
        null,
        null,
        null,
        null,
        null,
        null,
        null,
        null,
        1,
        null,
        null,
        1,
        null,
        null,
        null
      ],
      "/home/kwuteg/Odin/Hyrule/config/environment.rb": [
        null,
        1,
        null,
        null,
        1
      ],
      "/home/kwuteg/Odin/Hyrule/config/application.rb": [
        1,
        1,
        null,
        null,
        1,
        null,
        1,
        1,
        null,
        1,
        null,
        null,
        null,
        1,
        null,
        null,
        1,
        1,
        null,
        null,
        null,
        null,
        null,
        null,
        1,
        null,
        null,
        null,
        null
      ],
      "/home/kwuteg/Odin/Hyrule/config/boot.rb": [
        1,
        null,
        1
      ],
      "/home/kwuteg/Odin/Hyrule/config/environments/test.rb": [
        1,
        null,
        null,
        null,
        null,
        null,
        null,
        1,
        null,
        null,
        null,
        null,
        1,
        null,
        null,
        1,
        1,
        null,
        null,
        null,
        null,
        1,
        1,
        null,
        null,
        1,
        null,
        null,
        1,
        1,
        null,
        null,
        null,
        null,
        1,
        null,
        null,
        1,
        null,
        1,
        null,
        null,
        null,
        null
      ],
      "/home/kwuteg/Odin/Hyrule/config/initializers/application_controller_renderer.rb": [
        null,
        null,
        null,
        null,
        null,
        null
      ],
      "/home/kwuteg/Odin/Hyrule/config/initializers/assets.rb": [
        null,
        null,
        null,
        1,
        null,
        null,
        null,
        null,
        null,
        null,
        null
      ],
      "/home/kwuteg/Odin/Hyrule/config/initializers/backtrace_silencers.rb": [
        null,
        null,
        null,
        null,
        null,
        null,
        null
      ],
      "/home/kwuteg/Odin/Hyrule/config/initializers/cookies_serializer.rb": [
        null,
        null,
        null,
        null,
        1
      ],
      "/home/kwuteg/Odin/Hyrule/config/initializers/devise.rb": [
        null,
        null,
        1,
        null,
        null,
        null,
        null,
        null,
        null,
        null,
        null,
        null,
        null,
        null,
        1,
        null,
        null,
        null,
        null,
        null,
        null,
        null,
        null,
        null,
        null,
        null,
        1,
        null,
        null,
        null,
        null,
        null,
        null,
        null,
        null,
        null,
        null,
        null,
        null,
        null,
        null,
        null,
        null,
        null,
        null,
        null,
        null,
        null,
        1,
        null,
        null,
        null,
        null,
        1,
        null,
        null,
        null,
        null,
        null,
        null,
        null,
        null,
        null,
        null,
        null,
        null,
        null,
        null,
        null,
        null,
        null,
        null,
        null,
        null,
        null,
        null,
        null,
        null,
        null,
        null,
        null,
        null,
        null,
        null,
        1,
        null,
        null,
        null,
        null,
        null,
        null,
        null,
        null,
        null,
        null,
        null,
        null,
        null,
        null,
        null,
        null,
        null,
        null,
        null,
        null,
        null,
        null,
        1,
        null,
        null,
        null,
        null,
        null,
        null,
        null,
        null,
        null,
        null,
        null,
        null,
        null,
        null,
        null,
        null,
        null,
        null,
        null,
        null,
        null,
        null,
        null,
        null,
        null,
        null,
        null,
        null,
        null,
        null,
        1,
        null,
        null,
        null,
        null,
        null,
        null,
        null,
        null,
        null,
        1,
        null,
        null,
        null,
        null,
        null,
        null,
        null,
        null,
        null,
        null,
        1,
        null,
        null,
        null,
        null,
        1,
        null,
        null,
        null,
        null,
        null,
        null,
        null,
        null,
        null,
        null,
        null,
        null,
        null,
        null,
        null,
        null,
        null,
        null,
        null,
        null,
        null,
        null,
        null,
        null,
        null,
        null,
        null,
        null,
        null,
        null,
        null,
        null,
        null,
        null,
        null,
        null,
        null,
        null,
        null,
        null,
        1,
        null,
        null,
        null,
        null,
        null,
        null,
        null,
        null,
        null,
        null,
        null,
        null,
        null,
        null,
        null,
        null,
        null,
        null,
        null,
        null,
        null,
        null,
        null,
        null,
        null,
        null,
        null,
        null,
        null,
        null,
        null,
        null,
        null,
        null,
        null,
        null,
        null,
        null,
        null,
        null,
        null,
        1,
        null,
        null,
        null,
        null,
        null,
        1,
        1,
        null,
        null,
        null,
        null,
        null,
        null,
        null,
        null,
        null,
        null,
        null,
        null,
        null,
        null,
        null,
        null,
        null,
        null,
        null,
        null,
        null,
        null,
        null,
        null
      ],
      "/home/kwuteg/Odin/Hyrule/config/initializers/filter_parameter_logging.rb": [
        null,
        null,
        null,
        1
      ],
      "/home/kwuteg/Odin/Hyrule/config/initializers/inflections.rb": [
        null,
        null,
        null,
        null,
        null,
        null,
        null,
        null,
        null,
        null,
        null,
        null,
        null,
        null,
        null,
        null
      ],
      "/home/kwuteg/Odin/Hyrule/config/initializers/mime_types.rb": [
        null,
        null,
        null,
        null
      ],
      "/home/kwuteg/Odin/Hyrule/config/initializers/new_framework_defaults.rb": [
        null,
        null,
        null,
        null,
        null,
        null,
        null,
        1,
        null,
        null,
        1,
        null,
        null,
        null,
        1,
        null,
        null,
        1,
        null,
        null,
        1,
        null,
        null,
        1
      ],
      "/home/kwuteg/Odin/Hyrule/config/initializers/session_store.rb": [
        null,
        null,
        1
      ],
      "/home/kwuteg/Odin/Hyrule/config/initializers/stripe.rb": [
        1,
        null,
        null,
        null,
        null,
        1
      ],
      "/home/kwuteg/Odin/Hyrule/config/initializers/wrap_parameters.rb": [
        null,
        null,
        null,
        null,
        null,
        null,
        1,
        2,
        null,
        null,
        null,
        null,
        null,
        null
      ],
      "/home/kwuteg/Odin/Hyrule/spec/factories/account.rb": [
        1,
        null,
        1,
        1,
        1,
        2,
        2,
        2,
        2,
        2,
        null,
        null
      ],
      "/home/kwuteg/Odin/Hyrule/spec/factories/budget.rb": [
        1,
        null,
        1,
        1,
        1,
        1,
        null,
        null
      ],
      "/home/kwuteg/Odin/Hyrule/spec/factories/day.rb": [
        1,
        null,
        1,
        1,
        1,
        1,
        1,
        null,
        null
      ],
      "/home/kwuteg/Odin/Hyrule/spec/factories/dinner.rb": [
        1,
        null,
        1,
        1,
        null,
        null
      ],
      "/home/kwuteg/Odin/Hyrule/spec/factories/gestion.rb": [
        1,
        null,
        1,
        1,
        1,
        null,
        null
      ],
      "/home/kwuteg/Odin/Hyrule/spec/factories/lunch.rb": [
        1,
        null,
        1,
        1,
        null,
        null
      ],
      "/home/kwuteg/Odin/Hyrule/spec/factories/rythme.rb": [
        1,
        null,
        1,
        1,
        1,
        1,
        null,
        null
      ],
      "/home/kwuteg/Odin/Hyrule/spec/factories/style.rb": [
        1,
        null,
        1,
        1,
        1,
        null,
        null
      ],
      "/home/kwuteg/Odin/Hyrule/spec/factories/theme.rb": [
        1,
        null,
        1,
        1,
        1,
        1,
        28,
        1,
        1,
        null,
        null
      ],
      "/home/kwuteg/Odin/Hyrule/spec/factories/trip.rb": [
        1,
        null,
        1,
        1,
        1,
        1,
        1,
        1,
        null,
        null
      ],
      "/home/kwuteg/Odin/Hyrule/spec/factories/user.rb": [
        1,
        null,
        1,
        1,
        42,
        42,
        null,
        null
      ],
      "/home/kwuteg/Odin/Hyrule/config/routes.rb": [
        1,
        null,
        null,
        1,
        1,
        1,
        1,
        1,
        1,
        null,
        1,
        1,
        1,
        1,
        null,
        null,
        1,
        null,
        1,
        1,
        1,
        1,
        null,
        null
      ],
      "/home/kwuteg/Odin/Hyrule/app/models/user.rb": [
        1,
        1,
        null,
        1,
        1,
        null,
        1,
        null,
        1,
        1,
        null,
        null,
        null,
        1,
        null,
        null,
        null,
        1,
        0,
        0,
        0,
        0,
        null,
        null,
        null,
        1,
        null,
        null,
        null,
        1,
        null,
        38,
        null,
        null,
        null
      ],
      "/home/kwuteg/Odin/Hyrule/app/models/application_record.rb": [
        1,
        1,
        null
      ],
      "/home/kwuteg/Odin/Hyrule/app/helpers/accounts_helper.rb": [
        1,
        null
      ],
      "/home/kwuteg/Odin/Hyrule/app/helpers/activities_helper.rb": [
        1,
        null
      ],
      "/home/kwuteg/Odin/Hyrule/app/helpers/application_helper.rb": [
        1,
        null,
        1,
        null,
        0,
        0,
        null,
        null,
        null,
        null
      ],
      "/home/kwuteg/Odin/Hyrule/app/helpers/assets_helper.rb": [
        1,
        null
      ],
      "/home/kwuteg/Odin/Hyrule/app/helpers/charges_helper.rb": [
        1,
        null
      ],
      "/home/kwuteg/Odin/Hyrule/app/helpers/days_helper.rb": [
        1,
        null,
        null
      ],
      "/home/kwuteg/Odin/Hyrule/app/helpers/devise_helper.rb": [
        1,
        1,
        0,
        null,
        0,
        0,
        null,
        null,
        null,
        0,
        null,
        null,
        null,
        null,
        null,
        null,
        0,
        null,
        null,
        1,
        0,
        null,
        null,
        null
      ],
      "/home/kwuteg/Odin/Hyrule/app/helpers/gestions_helper.rb": [
        1,
        null
      ],
      "/home/kwuteg/Odin/Hyrule/app/helpers/livrets_helper.rb": [
        1,
        null
      ],
      "/home/kwuteg/Odin/Hyrule/app/helpers/setup_helper.rb": [
        1,
        null
      ],
      "/home/kwuteg/Odin/Hyrule/app/helpers/static_helper.rb": [
        1,
        null
      ],
      "/home/kwuteg/Odin/Hyrule/app/helpers/themes_helper.rb": [
        1,
        null
      ],
      "/home/kwuteg/Odin/Hyrule/app/helpers/trips_helper.rb": [
        1,
        null
      ],
      "/home/kwuteg/Odin/Hyrule/app/helpers/users_helper.rb": [
        1,
        null
      ],
      "/home/kwuteg/Odin/Hyrule/app/mailers/main_mailer.rb": [
        1,
        1,
        null,
        1,
        38,
        38,
        null,
        null,
        1,
        0,
        0,
        0,
        null,
        null,
        1,
        0,
        0,
        0,
        null,
        null,
        1,
        0,
        0,
        0,
        null,
        null,
        1,
        0,
        0,
        0,
        null,
        null,
        null
      ],
      "/home/kwuteg/Odin/Hyrule/app/mailers/application_mailer.rb": [
        1,
        1,
        1,
        null
      ],
      "/home/kwuteg/Odin/Hyrule/spec/models/account_spec.rb": [
        1,
        null,
        1,
        null,
        1,
        1,
        null,
        null,
        1,
        1,
        null,
        null
      ],
      "/home/kwuteg/Odin/Hyrule/app/models/account.rb": [
        1,
        1,
        null
      ],
      "/home/kwuteg/Odin/Hyrule/spec/models/budget_spec.rb": [
        1,
        null,
        1,
        null,
        1,
        2,
        null,
        null,
        1,
        1,
        null,
        null,
        1,
        1,
        1,
        null,
        null,
        null
      ],
      "/home/kwuteg/Odin/Hyrule/app/models/budget.rb": [
        1,
        1,
        1,
        null
      ],
      "/home/kwuteg/Odin/Hyrule/spec/models/day_spec.rb": [
        1,
        null,
        1,
        null,
        1,
        19,
        null,
        null,
        1,
        1,
        null,
        1,
        1,
        1,
        null,
        null,
        1,
        1,
        1,
        1,
        null,
        1,
        1,
        1,
        null,
        1,
        1,
        1,
        null,
        null,
        null,
        1,
        1,
        1,
        1,
        null,
        1,
        1,
        1,
        null,
        1,
        1,
        1,
        null,
        1,
        1,
        1,
        null,
        1,
        1,
        1,
        null,
        1,
        1,
        1,
        null,
        null,
        null,
        1,
        1,
        1,
        1,
        4,
        null,
        1,
        1,
        1,
        null,
        null,
        null,
        1,
        1,
        1,
        1,
        null,
        1,
        1,
        1,
        null,
        1,
        1,
        1,
        null,
        1,
        1,
        1,
        null,
        1,
        1,
        1,
        null,
        1,
        1,
        1,
        null,
        null,
        null,
        null,
        null,
        null
      ],
      "/home/kwuteg/Odin/Hyrule/app/models/day.rb": [
        1,
        1,
        1,
        1,
        null,
        1,
        1,
        1,
        1,
        null,
        1,
        1,
        1,
        null,
        1,
        null,
        1,
        null,
        3,
        3,
        3,
        null,
        null,
        1,
        12,
        11,
        3,
        null,
        3,
        null,
        null,
        9,
        null,
        null,
        1,
        12,
        11,
        3,
        3,
        null,
        null,
        9,
        null,
        null,
        null
      ],
      "/home/kwuteg/Odin/Hyrule/spec/models/dinner_spec.rb": [
        1,
        null,
        1,
        null,
        1,
        1,
        null,
        null,
        1,
        1,
        null,
        null
      ],
      "/home/kwuteg/Odin/Hyrule/app/models/dinner.rb": [
        1,
        1,
        null,
        null
      ],
      "/home/kwuteg/Odin/Hyrule/spec/models/gestion_spec.rb": [
        1,
        null,
        1,
        null,
        1,
        2,
        null,
        null,
        1,
        1,
        null,
        null,
        1,
        1,
        1,
        null,
        null,
        null
      ],
      "/home/kwuteg/Odin/Hyrule/app/models/gestion.rb": [
        1,
        1,
        1,
        null,
        null
      ],
      "/home/kwuteg/Odin/Hyrule/spec/models/lunch_spec.rb": [
        1,
        null,
        1,
        null,
        1,
        1,
        null,
        null,
        1,
        1,
        null,
        null
      ],
      "/home/kwuteg/Odin/Hyrule/app/models/lunch.rb": [
        1,
        1,
        null
      ],
      "/home/kwuteg/Odin/Hyrule/spec/models/rythme_spec.rb": [
        1,
        null,
        1,
        null,
        1,
        2,
        null,
        null,
        1,
        1,
        null,
        null,
        1,
        1,
        1,
        null,
        null
      ],
      "/home/kwuteg/Odin/Hyrule/app/models/rythme.rb": [
        1,
        1,
        null,
        1,
        null
      ],
      "/home/kwuteg/Odin/Hyrule/spec/models/theme_spec.rb": [
        1,
        null,
        1,
        null,
        1,
        7,
        null,
        null,
        1,
        1,
        null,
        null,
        1,
        1,
        1,
        null,
        1,
        1,
        1,
        1,
        1,
        1,
        1,
        null,
        1,
        1,
        1,
        null,
        1,
        1,
        1,
        null,
        1,
        1,
        1,
        null,
        1,
        1,
        1,
        null,
        null,
        null
      ],
      "/home/kwuteg/Odin/Hyrule/app/models/theme.rb": [
        1,
        null,
        1,
        1,
        1,
        1,
        1,
        null,
        1,
        null,
        null
      ],
      "/home/kwuteg/Odin/Hyrule/spec/models/trip_spec.rb": [
        1,
        null,
        1,
        null,
        1,
        12,
        null,
        null,
        1,
        1,
        null,
        null,
        1,
        1,
        1,
        1,
        null,
        1,
        1,
        1,
        null,
        1,
        1,
        1,
        null,
        1,
        1,
        1,
        null,
        null,
        null,
        1,
        1,
        1,
        1,
        null,
        1,
        1,
        1,
        null,
        1,
        1,
        1,
        null,
        1,
        1,
        1,
        null,
        null,
        null,
        1,
        1,
        1,
        null,
        null,
        1,
        1,
        1,
        1,
        null,
        1,
        1,
        1,
        4,
        null,
        null,
        null,
        null
      ],
      "/home/kwuteg/Odin/Hyrule/app/models/trip.rb": [
        1,
        null,
        1,
        null,
        1,
        1,
        1,
        null,
        1,
        null,
        1,
        1,
        null,
        1,
        1,
        null,
        1,
        1,
        null,
        1,
        1,
        null,
        1,
        1,
        null,
        1,
        null,
        29,
        29,
        29,
        29,
        0,
        null,
        29,
        null,
        null,
        null
      ],
      "/home/kwuteg/Odin/Hyrule/spec/models/user_spec.rb": [
        1,
        null,
        1,
        null,
        1,
        3,
        null,
        null,
        1,
        1,
        null,
        null,
        1,
        1,
        1,
        null,
        null,
        1,
        1,
        1,
        null,
        null,
        null
      ],
      "/home/kwuteg/Odin/Hyrule/spec/requests/assets_spec.rb": [
        1,
        null,
        1,
        null,
        null
      ],
      "/home/kwuteg/Odin/Hyrule/app/models/planning.rb": [
        1,
        1,
        1,
        null
      ]
    },
    "timestamp": 1509943393
  }
}
